<?xml version="1.0" encoding="UTF-8"?>
<!-- Generated by org.testng.reporters.JUnitReportReporter -->
<testsuite skipped="0" hostname="Abhi" name="mavenpractice.Maven_demo_carttest" tests="1" failures="0" timestamp="13 Jun 2022 04:14:54 GMT" time="4.680" errors="0">
  <testcase name="browser" time="4.680" classname="mavenpractice.Maven_demo_carttest"/>
</testsuite> <!-- mavenpractice.Maven_demo_carttest -->
