<?xml version="1.0" encoding="UTF-8"?>
<!-- Generated by org.testng.reporters.JUnitReportReporter -->
<testsuite skipped="0" hostname="Abhi" name="mavenpractice.mavev_working_with_demowebshop" tests="1" failures="0" timestamp="11 Jun 2022 15:00:52 GMT" time="16.252" errors="0">
  <testcase name="demo" time="16.252" classname="mavenpractice.mavev_working_with_demowebshop"/>
</testsuite> <!-- mavenpractice.mavev_working_with_demowebshop -->
