<?xml version="1.0" encoding="UTF-8"?>
<!-- Generated by org.testng.reporters.JUnitReportReporter -->
<testsuite skipped="1" hostname="Abhi" name="mavenpractice.login_using_datadriven_maven" tests="1" failures="0" timestamp="13 Jun 2022 06:42:49 GMT" time="0.000" errors="0">
  <testcase name="login" time="0.000" classname="mavenpractice.login_using_datadriven_maven">
    <skipped/>
  </testcase> <!-- login -->
</testsuite> <!-- mavenpractice.login_using_datadriven_maven -->
