<?xml version="1.0" encoding="UTF-8"?>
<!-- Generated by org.testng.reporters.JUnitReportReporter -->
<testsuite skipped="1" hostname="Abhi" name="mavenpractice.login_using_datadriven_maventest" tests="1" failures="0" timestamp="13 Jun 2022 07:12:40 GMT" time="0.001" errors="0">
  <testcase name="login" time="0.001" classname="mavenpractice.login_using_datadriven_maventest">
    <skipped/>
  </testcase> <!-- login -->
</testsuite> <!-- mavenpractice.login_using_datadriven_maventest -->
