<?xml version="1.0" encoding="UTF-8"?>
<!-- Generated by org.testng.reporters.JUnitReportReporter -->
<testsuite skipped="0" hostname="Abhi" name="mavenpractice.launchbrowserTest" tests="1" failures="0" timestamp="12 Jun 2022 17:51:33 GMT" time="2.136" errors="0">
  <testcase name="launchBrowser" time="2.136" classname="mavenpractice.launchbrowserTest"/>
</testsuite> <!-- mavenpractice.launchbrowserTest -->
